TN:
SF:src/circles/Circles.sol
FN:138,Circles.inflationaryBalanceOf
FN:150,Circles.safeInflationaryTransferFrom
FN:174,Circles.safeInflationaryBatchTransferFrom
FN:196,Circles._claimIssuance
FN:210,Circles._mintAndUpdateTotalSupply
FN:225,Circles._burnAndUpdateTotalSupply
FN:254,Circles._max
FN:73,Circles.
FN:87,Circles.calculateIssuance
FNDA:6,Circles.inflationaryBalanceOf
FNDA:2,Circles.safeInflationaryTransferFrom
FNDA:2,Circles.safeInflationaryBatchTransferFrom
FNDA:406,Circles._claimIssuance
FNDA:471,Circles._mintAndUpdateTotalSupply
FNDA:0,Circles._burnAndUpdateTotalSupply
FNDA:505,Circles._max
FNDA:8,Circles.
FNDA:213,Circles.calculateIssuance
FNF:9
FNH:8
DA:88,1240
DA:89,2485
DA:91,4
DA:94,2472
DA:97,226
DA:101,1515
DA:104,1515
DA:107,1515
DA:110,1515
DA:113,1515
DA:116,1515
DA:119,1515
DA:122,1010
DA:139,18
DA:157,6
DA:158,7
DA:159,2
DA:162,3
DA:163,2
DA:181,6
DA:182,7
DA:183,2
DA:185,3
DA:186,3
DA:187,2
DA:197,1218
DA:198,810
DA:200,2
DA:203,808
DA:205,808
DA:207,808
DA:211,942
DA:213,1413
DA:214,942
DA:215,942
DA:216,1413
DA:217,942
DA:219,0
DA:221,942
DA:222,942
DA:227,0
DA:229,0
DA:230,0
DA:231,0
DA:232,0
DA:233,0
DA:239,0
DA:242,0
DA:244,0
DA:255,1515
LF:50
LH:40
end_of_record
TN:
SF:src/circles/Demurrage.sol
FN:151,Demurrage.
FN:165,Demurrage.day
FN:175,Demurrage.toTokenId
FN:184,Demurrage.convertInflationaryToDemurrageValue
FN:203,Demurrage.convertBatchInflationaryToDemurrageValues
FN:225,Demurrage._calculateDiscountedBalance
FN:233,Demurrage._calculateDiscountedBalanceAndCache
FN:244,Demurrage._calculateDemurrageFactor
FN:252,Demurrage._calculateDemurrageFactorAndCache
FN:271,Demurrage._calculateInflationaryBalance
FNDA:9,Demurrage.
FNDA:6,Demurrage.day
FNDA:4,Demurrage.toTokenId
FNDA:4,Demurrage.convertInflationaryToDemurrageValue
FNDA:0,Demurrage.convertBatchInflationaryToDemurrageValues
FNDA:1515,Demurrage._calculateDiscountedBalance
FNDA:7,Demurrage._calculateDiscountedBalanceAndCache
FNDA:1110,Demurrage._calculateDemurrageFactor
FNDA:6,Demurrage._calculateDemurrageFactorAndCache
FNDA:11,Demurrage._calculateInflationaryBalance
FNF:10
FNH:9
DA:154,297
DA:155,270
DA:168,7107
DA:176,1692
DA:194,15
DA:195,15
DA:210,3
DA:211,3
DA:212,5
DA:213,2
DA:215,2
DA:226,3030
DA:227,810
DA:229,3330
DA:230,3330
DA:237,14
DA:238,2
DA:240,18
DA:241,18
DA:245,3609
DA:246,546
DA:248,2511
DA:253,12
DA:254,2
DA:257,3
DA:258,2
DA:260,2
DA:262,15
DA:275,33
DA:276,33
LF:30
LH:30
end_of_record
TN:
SF:src/circles/DiscountedBalances.sol
FN:110,DiscountedBalances._discountAndAddToBalance
FN:27,DiscountedBalances.
FN:41,DiscountedBalances.balanceOfOnDay
FN:68,DiscountedBalances.totalSupply
FN:81,DiscountedBalances._inflationaryBalanceOf
FN:93,DiscountedBalances._updateBalance
FNDA:629,DiscountedBalances._discountAndAddToBalance
FNDA:8,DiscountedBalances.
FNDA:0,DiscountedBalances.balanceOfOnDay
FNDA:0,DiscountedBalances.totalSupply
FNDA:6,DiscountedBalances._inflationaryBalanceOf
FNDA:158,DiscountedBalances._updateBalance
FNF:6
FNH:4
DA:28,16
DA:46,802
DA:47,802
DA:49,0
DA:51,802
DA:53,802
DA:56,802
DA:59,802
DA:61,802
DA:69,0
DA:70,0
DA:71,0
DA:82,12
DA:83,18
DA:94,316
DA:96,0
DA:98,316
DA:99,316
DA:100,316
DA:111,1258
DA:112,1258
DA:114,0
DA:116,1258
DA:118,1258
DA:120,1887
DA:123,1887
DA:124,1258
DA:125,200
DA:128,1887
DA:129,1258
DA:131,0
DA:133,1258
DA:134,1258
LF:33
LH:26
end_of_record
TN:
SF:src/circles/ERC1155.sol
FN:102,ERC1155.setApprovalForAll
FN:109,ERC1155.isApprovedForAll
FN:116,ERC1155.safeTransferFrom
FN:127,ERC1155.safeBatchTransferFrom
FN:157,ERC1155._update
FN:207,ERC1155._updateWithAcceptanceCheck
FN:221,ERC1155._acceptanceCheck
FN:252,ERC1155._safeTransferFrom
FN:274,ERC1155._safeBatchTransferFrom
FN:309,ERC1155._setURI
FN:324,ERC1155._mint
FN:361,ERC1155._burn
FN:397,ERC1155._setApprovalForAll
FN:40,ERC1155.
FN:408,ERC1155._asSingletonArrays
FN:438,ERC1155._doSafeTransferAcceptanceCheck
FN:470,ERC1155._doSafeBatchTransferAcceptanceCheck
FN:49,ERC1155.supportsInterface
FN:64,ERC1155.uri
FN:71,ERC1155.balanceOf
FN:83,ERC1155.balanceOfBatch
FNDA:1,ERC1155.setApprovalForAll
FNDA:0,ERC1155.isApprovedForAll
FNDA:73,ERC1155.safeTransferFrom
FNDA:1,ERC1155.safeBatchTransferFrom
FNDA:621,ERC1155._update
FNDA:618,ERC1155._updateWithAcceptanceCheck
FNDA:619,ERC1155._acceptanceCheck
FNDA:78,ERC1155._safeTransferFrom
FNDA:69,ERC1155._safeBatchTransferFrom
FNDA:8,ERC1155._setURI
FNDA:471,ERC1155._mint
FNDA:0,ERC1155._burn
FNDA:1,ERC1155._setApprovalForAll
FNDA:8,ERC1155.
FNDA:552,ERC1155._asSingletonArrays
FNDA:617,ERC1155._doSafeTransferAcceptanceCheck
FNDA:2,ERC1155._doSafeBatchTransferAcceptanceCheck
FNDA:0,ERC1155.supportsInterface
FNDA:0,ERC1155.uri
FNDA:243,ERC1155.balanceOf
FNDA:0,ERC1155.balanceOfBatch
FNF:21
FNH:16
DA:41,16
DA:50,0
DA:51,0
DA:65,0
DA:72,729
DA:73,486
DA:84,0
DA:85,0
DA:88,0
DA:90,0
DA:92,0
DA:93,0
DA:96,0
DA:103,2
DA:110,6
DA:117,231
DA:118,231
DA:119,0
DA:121,154
DA:134,204
DA:135,204
DA:136,0
DA:138,136
DA:158,1242
DA:159,0
DA:162,1863
DA:164,1863
DA:166,3121
DA:167,1887
DA:168,1887
DA:170,1887
DA:171,474
DA:172,316
DA:173,0
DA:175,316
DA:176,8
DA:180,316
DA:184,1887
DA:185,1258
DA:189,1242
DA:190,1857
DA:191,1857
DA:192,1238
DA:194,4
DA:214,1236
DA:215,1236
DA:228,1857
DA:229,1857
DA:230,1238
DA:231,1851
DA:232,1851
DA:233,1234
DA:235,4
DA:253,234
DA:254,0
DA:256,234
DA:257,0
DA:259,234
DA:260,156
DA:281,207
DA:282,0
DA:284,207
DA:285,0
DA:287,138
DA:310,16
DA:325,1413
DA:326,0
DA:328,1413
DA:329,942
DA:362,0
DA:363,0
DA:365,0
DA:366,0
DA:398,3
DA:399,0
DA:401,2
DA:402,2
DA:416,1104
DA:423,1104
DA:446,1234
DA:447,274
DA:478,4
DA:479,4
LF:83
LH:59
end_of_record
TN:
SF:src/groups/BaseMintPolicy.sol
FN:13,MintPolicy.beforeMintPolicy
FN:26,MintPolicy.beforeBurnPolicy
FN:34,MintPolicy.beforeRedeemPolicy
FNDA:67,MintPolicy.beforeMintPolicy
FNDA:0,MintPolicy.beforeBurnPolicy
FNDA:0,MintPolicy.beforeRedeemPolicy
FNF:3
FNH:1
DA:20,134
DA:27,0
DA:52,0
DA:53,0
DA:56,0
DA:57,0
DA:62,0
LF:7
LH:1
end_of_record
TN:
SF:src/hub/Hub.sol
FN:1015,Hub._avatarV1CirclesStatus
FN:1034,Hub._updateMintV1Status
FN:1055,Hub._insertAvatar
FN:1064,Hub._validateAddressFromId
FN:1081,Hub._unpackCoordinates
FN:1110,Hub._upsertTrustMarker
FN:140,Hub.onlyDuringBootstrap
FN:150,Hub.onlyMigration
FN:161,Hub.nonReentrant
FN:185,Hub.
FN:232,Hub.registerHuman
FN:254,Hub.inviteHuman
FN:284,Hub.registerGroup
FN:307,Hub.registerCustomGroup
FN:331,Hub.registerOrganization
FN:351,Hub.trust
FN:372,Hub.personalMint
FN:392,Hub.calculateIssuanceWithCheck
FN:406,Hub.groupMint
FN:423,Hub.stop
FN:444,Hub.stopped
FN:464,Hub.migrate
FN:499,Hub.burn
FN:517,Hub.wrap
FN:530,Hub.operateFlowMatrix
FN:564,Hub.setAdvancedUsageFlag
FN:578,Hub.isHuman
FN:586,Hub.isGroup
FN:594,Hub.isOrganization
FN:604,Hub.isTrusted
FN:609,Hub.isPermittedFlow
FN:631,Hub._groupMint
FN:690,Hub._verifyFlowMatrix
FN:769,Hub._effectPathTransfers
FN:850,Hub._callAcceptanceChecks
FN:889,Hub._matchNettedFlows
FN:908,Hub._registerHuman
FN:933,Hub._registerGroup
FN:971,Hub._trust
FN:977,Hub._ensureAvatarsRegistered
FN:999,Hub._checkHumanV1CirclesStatus
FNDA:4,Hub._avatarV1CirclesStatus
FNDA:2,Hub._updateMintV1Status
FNDA:302,Hub._insertAvatar
FNDA:73,Hub._validateAddressFromId
FNDA:1,Hub._unpackCoordinates
FNDA:469,Hub._upsertTrustMarker
FNDA:1,Hub.onlyDuringBootstrap
FNDA:0,Hub.onlyMigration
FNDA:1,Hub.nonReentrant
FNDA:1,Hub.
FNDA:1,Hub.registerHuman
FNDA:1,Hub.inviteHuman
FNDA:12,Hub.registerGroup
FNDA:0,Hub.registerCustomGroup
FNDA:0,Hub.registerOrganization
FNDA:179,Hub.trust
FNDA:3,Hub.personalMint
FNDA:1,Hub.calculateIssuanceWithCheck
FNDA:69,Hub.groupMint
FNDA:0,Hub.stop
FNDA:0,Hub.stopped
FNDA:0,Hub.migrate
FNDA:0,Hub.burn
FNDA:4,Hub.wrap
FNDA:1,Hub.operateFlowMatrix
FNDA:0,Hub.setAdvancedUsageFlag
FNDA:2,Hub.isHuman
FNDA:0,Hub.isGroup
FNDA:0,Hub.isOrganization
FNDA:16,Hub.isTrusted
FNDA:0,Hub.isPermittedFlow
FNDA:69,Hub._groupMint
FNDA:1,Hub._verifyFlowMatrix
FNDA:1,Hub._effectPathTransfers
FNDA:1,Hub._callAcceptanceChecks
FNDA:1,Hub._matchNettedFlows
FNDA:2,Hub._registerHuman
FNDA:12,Hub._registerGroup
FNDA:469,Hub._trust
FNDA:0,Hub._ensureAvatarsRegistered
FNDA:4,Hub._checkHumanV1CirclesStatus
FNF:41
FNH:29
DA:141,2
DA:142,0
DA:151,0
DA:152,0
DA:163,1
DA:195,4
DA:196,0
DA:198,3
DA:199,0
DA:203,2
DA:206,2
DA:209,2
DA:212,2
DA:215,2
DA:218,2
DA:221,2
DA:234,3
DA:235,2
DA:236,0
DA:240,3
DA:241,0
DA:244,2
DA:255,2
DA:256,0
DA:260,2
DA:262,2
DA:264,0
DA:268,0
DA:272,2
DA:274,2
DA:287,24
DA:290,24
DA:291,24
DA:294,24
DA:296,24
DA:314,0
DA:317,0
DA:318,0
DA:321,0
DA:323,0
DA:332,0
DA:335,0
DA:338,0
DA:340,0
DA:352,537
DA:353,0
DA:355,895
DA:358,0
DA:360,358
DA:362,2
DA:365,356
DA:366,356
DA:373,6
DA:375,0
DA:378,6
DA:381,6
DA:394,2
DA:396,3
DA:412,207
DA:413,353
DA:414,146
DA:416,138
DA:424,0
DA:426,0
DA:428,0
DA:430,0
DA:431,0
DA:435,0
DA:437,0
DA:445,0
DA:447,0
DA:449,0
DA:450,0
DA:465,0
DA:467,0
DA:469,0
DA:470,0
DA:475,0
DA:478,0
DA:480,0
DA:482,0
DA:484,0
DA:487,0
DA:489,0
DA:503,0
DA:505,0
DA:506,0
DA:509,0
DA:511,0
DA:514,0
DA:518,12
DA:520,0
DA:522,12
DA:523,8
DA:525,8
DA:537,3
DA:540,5
DA:541,2
DA:543,0
DA:550,2
DA:555,3
DA:557,2
DA:559,3
DA:561,2
DA:565,0
DA:567,0
DA:569,0
DA:579,894
DA:587,300
DA:595,0
DA:596,0
DA:606,64
DA:611,230
DA:614,296
DA:615,0
DA:618,296
DA:638,138
DA:640,0
DA:642,138
DA:644,0
DA:646,138
DA:648,0
DA:654,138
DA:655,349
DA:659,146
DA:661,4
DA:664,142
DA:666,0
DA:668,142
DA:672,134
DA:674,0
DA:678,201
DA:679,201
DA:684,134
DA:687,134
DA:696,3
DA:698,0
DA:700,2
DA:702,0
DA:704,4
DA:706,0
DA:710,3
DA:714,13
DA:715,12
DA:717,0
DA:719,9
DA:721,0
DA:725,2
DA:726,3
DA:728,0
DA:734,2
DA:736,9
DA:740,6
DA:741,6
DA:742,9
DA:746,6
DA:748,0
DA:750,6
DA:752,0
DA:758,6
DA:759,6
DA:760,6
DA:762,6
DA:766,2
DA:776,3
DA:777,3
DA:781,2
DA:783,9
DA:787,6
DA:789,6
DA:790,6
DA:795,6
DA:796,3
DA:797,2
DA:799,0
DA:801,2
DA:802,3
DA:803,2
DA:805,0
DA:807,0
DA:813,6
DA:816,6
DA:824,0
DA:833,6
DA:837,5
DA:838,3
DA:840,0
DA:842,2
DA:844,0
DA:857,3
DA:860,5
DA:861,3
DA:862,3
DA:863,2
DA:864,5
DA:866,2
DA:867,2
DA:868,2
DA:871,2
DA:872,2
DA:873,2
DA:881,2
DA:883,2
DA:886,2
DA:890,2
DA:892,0
DA:894,11
DA:895,8
DA:897,0
DA:910,4
DA:914,4
DA:915,4
DA:916,4
DA:917,4
DA:920,4
DA:922,4
DA:941,36
DA:943,0
DA:946,36
DA:948,0
DA:950,24
DA:953,0
DA:955,24
DA:958,0
DA:962,24
DA:965,24
DA:968,24
DA:972,938
DA:974,938
DA:978,0
DA:979,0
DA:980,0
DA:981,0
DA:982,0
DA:984,0
DA:986,0
DA:991,0
DA:1001,8
DA:1003,6
DA:1004,4
DA:1016,12
DA:1018,12
DA:1020,8
DA:1022,4
DA:1025,4
DA:1035,4
DA:1038,4
DA:1040,0
DA:1044,4
DA:1045,2
DA:1046,2
DA:1056,906
DA:1058,0
DA:1060,604
DA:1061,604
DA:1065,146
DA:1067,0
DA:1069,219
DA:1086,3
DA:1088,0
DA:1091,2
DA:1092,2
DA:1095,9
DA:1096,6
DA:1097,6
DA:1098,6
DA:1111,1407
DA:1112,1407
DA:1113,938
DA:1115,938
DA:1116,1407
DA:1118,598
DA:1121,938
DA:1122,1407
DA:1124,938
DA:1125,938
DA:1129,938
LF:277
LH:182
end_of_record
TN:
SF:src/lib/Math64x64.sol
FN:107,Math64x64.to128x128
FN:120,Math64x64.add
FN:135,Math64x64.sub
FN:150,Math64x64.mul
FN:166,Math64x64.muli
FN:204,Math64x64.mulu
FN:229,Math64x64.div
FN:246,Math64x64.divi
FN:278,Math64x64.divu
FN:293,Math64x64.neg
FN:306,Math64x64.abs
FN:320,Math64x64.inv
FN:336,Math64x64.avg
FN:350,Math64x64.gavg
FN:367,Math64x64.pow
FN:37,Math64x64.fromInt
FN:466,Math64x64.sqrt
FN:479,Math64x64.log_2
FN:51,Math64x64.toInt
FN:530,Math64x64.ln
FN:544,Math64x64.exp_2
FN:64,Math64x64.fromUInt
FN:758,Math64x64.exp
FN:776,Math64x64.divuu
FN:78,Math64x64.toUInt
FN:841,Math64x64.sqrtu
FN:92,Math64x64.from128x128
FNDA:0,Math64x64.to128x128
FNDA:505,Math64x64.add
FNDA:505,Math64x64.sub
FNDA:505,Math64x64.mul
FNDA:0,Math64x64.muli
FNDA:2648,Math64x64.mulu
FNDA:0,Math64x64.div
FNDA:0,Math64x64.divi
FNDA:109,Math64x64.divu
FNDA:0,Math64x64.neg
FNDA:0,Math64x64.abs
FNDA:0,Math64x64.inv
FNDA:0,Math64x64.avg
FNDA:0,Math64x64.gavg
FNDA:1010,Math64x64.pow
FNDA:0,Math64x64.fromInt
FNDA:0,Math64x64.sqrt
FNDA:0,Math64x64.log_2
FNDA:0,Math64x64.toInt
FNDA:0,Math64x64.ln
FNDA:0,Math64x64.exp_2
FNDA:1010,Math64x64.fromUInt
FNDA:0,Math64x64.exp
FNDA:109,Math64x64.divuu
FNDA:0,Math64x64.toUInt
FNDA:0,Math64x64.sqrtu
FNDA:0,Math64x64.from128x128
FNF:27
FNH:8
DA:39,0
DA:40,0
DA:53,0
DA:66,2020
DA:67,3030
DA:80,0
DA:81,0
DA:94,0
DA:95,0
DA:96,0
DA:109,0
DA:122,2020
DA:123,1010
DA:124,1515
DA:137,2020
DA:138,1010
DA:139,1515
DA:152,2525
DA:153,1010
DA:154,1515
DA:168,0
DA:169,0
DA:173,0
DA:175,0
DA:176,0
DA:177,0
DA:178,0
DA:180,0
DA:181,0
DA:182,0
DA:184,0
DA:185,0
DA:186,0
DA:187,0
DA:189,0
DA:190,0
DA:206,6105
DA:208,3678
DA:210,5517
DA:211,7356
DA:213,3678
DA:214,3678
DA:216,3678
DA:217,5517
DA:231,0
DA:232,0
DA:233,0
DA:234,0
DA:248,0
DA:250,0
DA:251,0
DA:252,0
DA:253,0
DA:255,0
DA:256,0
DA:257,0
DA:259,0
DA:260,0
DA:261,0
DA:262,0
DA:264,0
DA:265,0
DA:280,218
DA:281,327
DA:282,218
DA:283,327
DA:295,0
DA:296,0
DA:308,0
DA:309,0
DA:322,0
DA:323,0
DA:324,0
DA:325,0
DA:338,0
DA:352,0
DA:353,0
DA:354,0
DA:355,0
DA:369,4040
DA:371,3030
DA:372,2020
DA:373,2020
DA:375,2020
DA:376,1998
DA:377,7254
DA:378,7884
DA:379,5040
DA:381,5256
DA:383,7884
DA:384,3384
DA:386,5256
DA:388,7884
DA:389,220
DA:391,5256
DA:393,7884
DA:394,1830
DA:396,5256
DA:398,5256
DA:401,1998
DA:403,22
DA:404,22
DA:405,22
DA:406,22
DA:408,22
DA:409,22
DA:410,22
DA:412,22
DA:413,22
DA:414,22
DA:416,22
DA:417,22
DA:418,22
DA:420,22
DA:421,22
DA:422,22
DA:424,22
DA:425,22
DA:426,22
DA:429,22
DA:430,220
DA:431,198
DA:433,297
DA:434,120
DA:435,120
DA:436,120
DA:437,22
DA:438,22
DA:441,198
DA:442,198
DA:443,198
DA:444,0
DA:445,0
DA:448,198
DA:451,22
DA:452,22
DA:454,3030
DA:455,2020
DA:456,3030
DA:468,0
DA:469,0
DA:481,0
DA:483,0
DA:484,0
DA:485,0
DA:486,0
DA:487,0
DA:489,0
DA:490,0
DA:491,0
DA:493,0
DA:494,0
DA:495,0
DA:497,0
DA:498,0
DA:499,0
DA:501,0
DA:502,0
DA:503,0
DA:505,0
DA:506,0
DA:507,0
DA:509,0
DA:511,0
DA:512,0
DA:513,0
DA:514,0
DA:515,0
DA:516,0
DA:517,0
DA:520,0
DA:532,0
DA:534,0
DA:546,0
DA:548,0
DA:550,0
DA:552,0
DA:553,0
DA:555,0
DA:556,0
DA:558,0
DA:559,0
DA:561,0
DA:562,0
DA:564,0
DA:565,0
DA:567,0
DA:568,0
DA:570,0
DA:571,0
DA:573,0
DA:574,0
DA:576,0
DA:577,0
DA:579,0
DA:580,0
DA:582,0
DA:583,0
DA:585,0
DA:586,0
DA:588,0
DA:589,0
DA:591,0
DA:592,0
DA:594,0
DA:595,0
DA:597,0
DA:598,0
DA:600,0
DA:601,0
DA:603,0
DA:604,0
DA:606,0
DA:607,0
DA:609,0
DA:610,0
DA:612,0
DA:613,0
DA:615,0
DA:616,0
DA:618,0
DA:619,0
DA:621,0
DA:622,0
DA:624,0
DA:625,0
DA:627,0
DA:628,0
DA:630,0
DA:631,0
DA:633,0
DA:634,0
DA:636,0
DA:637,0
DA:639,0
DA:640,0
DA:642,0
DA:643,0
DA:645,0
DA:646,0
DA:648,0
DA:649,0
DA:651,0
DA:652,0
DA:654,0
DA:655,0
DA:657,0
DA:658,0
DA:660,0
DA:661,0
DA:663,0
DA:664,0
DA:666,0
DA:667,0
DA:669,0
DA:670,0
DA:672,0
DA:673,0
DA:675,0
DA:676,0
DA:678,0
DA:679,0
DA:681,0
DA:682,0
DA:684,0
DA:685,0
DA:687,0
DA:688,0
DA:690,0
DA:691,0
DA:693,0
DA:694,0
DA:696,0
DA:697,0
DA:699,0
DA:700,0
DA:702,0
DA:703,0
DA:705,0
DA:706,0
DA:708,0
DA:709,0
DA:711,0
DA:712,0
DA:714,0
DA:715,0
DA:717,0
DA:718,0
DA:720,0
DA:721,0
DA:723,0
DA:724,0
DA:726,0
DA:727,0
DA:729,0
DA:730,0
DA:732,0
DA:733,0
DA:735,0
DA:736,0
DA:738,0
DA:739,0
DA:741,0
DA:742,0
DA:745,0
DA:746,0
DA:748,0
DA:760,0
DA:762,0
DA:764,0
DA:778,218
DA:780,218
DA:782,218
DA:783,218
DA:785,0
DA:786,0
DA:787,0
DA:788,0
DA:789,0
DA:791,0
DA:792,0
DA:793,0
DA:795,0
DA:796,0
DA:797,0
DA:799,0
DA:800,0
DA:801,0
DA:803,0
DA:804,0
DA:805,0
DA:807,0
DA:809,0
DA:810,0
DA:812,0
DA:813,0
DA:815,0
DA:816,0
DA:818,0
DA:819,0
DA:820,0
DA:821,0
DA:822,0
DA:824,0
DA:826,0
DA:829,218
DA:830,327
DA:843,0
DA:844,0
DA:846,0
DA:847,0
DA:848,0
DA:849,0
DA:850,0
DA:852,0
DA:853,0
DA:854,0
DA:856,0
DA:857,0
DA:858,0
DA:860,0
DA:861,0
DA:862,0
DA:864,0
DA:865,0
DA:866,0
DA:868,0
DA:869,0
DA:870,0
DA:872,0
DA:873,0
DA:874,0
DA:875,0
DA:876,0
DA:877,0
DA:878,0
DA:879,0
DA:880,0
DA:881,0
LF:379
LH:87
end_of_record
TN:
SF:src/lift/DemurrageCircles.sol
FN:113,DemurrageCircles.onERC1155BatchReceived
FN:123,DemurrageCircles.circlesIdentifier
FN:28,DemurrageCircles.onlyHub
FN:37,DemurrageCircles.
FN:44,DemurrageCircles.setup
FN:69,DemurrageCircles.unwrap
FN:78,DemurrageCircles.totalSupply
FN:82,DemurrageCircles.name
FN:87,DemurrageCircles.symbol
FN:91,DemurrageCircles.decimals
FN:97,DemurrageCircles.onERC1155Received
FNDA:0,DemurrageCircles.onERC1155BatchReceived
FNDA:0,DemurrageCircles.circlesIdentifier
FNDA:0,DemurrageCircles.onlyHub
FNDA:0,DemurrageCircles.
FNDA:3,DemurrageCircles.setup
FNDA:0,DemurrageCircles.unwrap
FNDA:0,DemurrageCircles.totalSupply
FNDA:0,DemurrageCircles.name
FNDA:0,DemurrageCircles.symbol
FNDA:0,DemurrageCircles.decimals
FNDA:5,DemurrageCircles.onERC1155Received
FNF:11
FNH:2
DA:29,0
DA:30,0
DA:39,0
DA:45,12
DA:46,0
DA:48,12
DA:49,0
DA:51,12
DA:53,0
DA:55,9
DA:56,0
DA:58,6
DA:59,6
DA:60,6
DA:62,6
DA:64,6
DA:70,0
DA:71,0
DA:73,0
DA:75,0
DA:79,0
DA:84,0
DA:88,0
DA:92,0
DA:103,15
DA:104,10
DA:106,15
DA:108,10
DA:110,10
DA:120,0
DA:124,0
LF:31
LH:14
end_of_record
TN:
SF:src/lift/EIP712.sol
FN:124,EIP712._domainSeparatorV4
FN:147,EIP712._hashTypedDataV4
FN:158,EIP712._EIP712Name
FN:169,EIP712._EIP712Version
FN:175,EIP712._buildDomainSeparator
FN:62,EIP712.
FN:78,EIP712._setupEIP712
FN:94,EIP712.eip712Domain
FNDA:0,EIP712._domainSeparatorV4
FNDA:0,EIP712._hashTypedDataV4
FNDA:0,EIP712._EIP712Name
FNDA:0,EIP712._EIP712Version
FNDA:3,EIP712._buildDomainSeparator
FNDA:0,EIP712.
FNDA:3,EIP712._setupEIP712
FNDA:0,EIP712.eip712Domain
FNF:8
FNH:2
DA:79,6
DA:80,6
DA:81,6
DA:82,6
DA:84,6
DA:85,6
DA:86,6
DA:108,0
DA:125,0
DA:126,0
DA:128,0
DA:148,0
DA:159,0
DA:170,0
DA:176,9
LF:15
LH:8
end_of_record
TN:
SF:src/lift/ERC20DiscountedBalances.sol
FN:100,ERC20DiscountedBalances._inflationaryBalanceOf
FN:105,ERC20DiscountedBalances._updateBalance
FN:115,ERC20DiscountedBalances._discountAndAddToBalance
FN:143,ERC20DiscountedBalances._transfer
FN:160,ERC20DiscountedBalances._mint
FN:165,ERC20DiscountedBalances._burn
FN:25,ERC20DiscountedBalances.transfer
FN:30,ERC20DiscountedBalances.transferFrom
FN:36,ERC20DiscountedBalances.approve
FN:41,ERC20DiscountedBalances.increaseAllowance
FN:47,ERC20DiscountedBalances.decreaseAllowance
FN:59,ERC20DiscountedBalances.balanceOf
FN:64,ERC20DiscountedBalances.allowance
FN:68,ERC20DiscountedBalances.totalSupply
FN:74,ERC20DiscountedBalances.balanceOfOnDay
FNDA:0,ERC20DiscountedBalances._inflationaryBalanceOf
FNDA:2,ERC20DiscountedBalances._updateBalance
FNDA:7,ERC20DiscountedBalances._discountAndAddToBalance
FNDA:2,ERC20DiscountedBalances._transfer
FNDA:5,ERC20DiscountedBalances._mint
FNDA:0,ERC20DiscountedBalances._burn
FNDA:2,ERC20DiscountedBalances.transfer
FNDA:0,ERC20DiscountedBalances.transferFrom
FNDA:0,ERC20DiscountedBalances.approve
FNDA:0,ERC20DiscountedBalances.increaseAllowance
FNDA:0,ERC20DiscountedBalances.decreaseAllowance
FNDA:4,ERC20DiscountedBalances.balanceOf
FNDA:0,ERC20DiscountedBalances.allowance
FNDA:0,ERC20DiscountedBalances.totalSupply
FNDA:8,ERC20DiscountedBalances.balanceOfOnDay
FNF:15
FNH:7
DA:26,4
DA:27,4
DA:31,0
DA:32,0
DA:33,0
DA:37,0
DA:38,0
DA:42,0
DA:43,0
DA:44,0
DA:48,0
DA:49,0
DA:50,0
DA:53,0
DA:56,0
DA:60,12
DA:61,8
DA:65,0
DA:69,0
DA:79,28
DA:80,28
DA:82,0
DA:86,28
DA:88,28
DA:90,28
DA:93,28
DA:95,28
DA:101,0
DA:102,0
DA:106,4
DA:108,0
DA:110,4
DA:111,4
DA:112,4
DA:116,14
DA:117,14
DA:119,0
DA:123,14
DA:125,14
DA:127,21
DA:129,21
DA:130,14
DA:131,2
DA:134,21
DA:135,14
DA:137,0
DA:139,14
DA:140,14
DA:144,6
DA:145,6
DA:146,4
DA:147,0
DA:149,4
DA:150,4
DA:153,4
DA:155,4
DA:157,4
DA:161,10
DA:162,10
DA:166,0
DA:167,0
DA:168,0
DA:169,0
DA:171,0
DA:172,0
DA:175,0
DA:177,0
LF:67
LH:37
end_of_record
TN:
SF:src/lift/ERC20InflationaryBalances.sol
FN:105,ERC20InflationaryBalances._burn
FN:23,ERC20InflationaryBalances.transfer
FN:28,ERC20InflationaryBalances.transferFrom
FN:34,ERC20InflationaryBalances.approve
FN:39,ERC20InflationaryBalances.increaseAllowance
FN:45,ERC20InflationaryBalances.decreaseAllowance
FN:57,ERC20InflationaryBalances.balanceOf
FN:61,ERC20InflationaryBalances.allowance
FN:65,ERC20InflationaryBalances.totalSupply
FN:71,ERC20InflationaryBalances._convertToExtended
FN:76,ERC20InflationaryBalances._transfer
FN:90,ERC20InflationaryBalances._mintFromDemurragedAmount
FNDA:0,ERC20InflationaryBalances._burn
FNDA:0,ERC20InflationaryBalances.transfer
FNDA:0,ERC20InflationaryBalances.transferFrom
FNDA:0,ERC20InflationaryBalances.approve
FNDA:0,ERC20InflationaryBalances.increaseAllowance
FNDA:0,ERC20InflationaryBalances.decreaseAllowance
FNDA:0,ERC20InflationaryBalances.balanceOf
FNDA:0,ERC20InflationaryBalances.allowance
FNDA:0,ERC20InflationaryBalances.totalSupply
FNDA:0,ERC20InflationaryBalances._convertToExtended
FNDA:0,ERC20InflationaryBalances._transfer
FNDA:0,ERC20InflationaryBalances._mintFromDemurragedAmount
FNF:12
FNH:0
DA:24,0
DA:25,0
DA:29,0
DA:30,0
DA:31,0
DA:35,0
DA:36,0
DA:40,0
DA:41,0
DA:42,0
DA:46,0
DA:47,0
DA:48,0
DA:51,0
DA:54,0
DA:58,0
DA:62,0
DA:66,0
DA:72,0
DA:73,0
DA:77,0
DA:78,0
DA:79,0
DA:80,0
DA:83,0
DA:85,0
DA:87,0
DA:93,0
DA:94,0
DA:96,0
DA:98,0
DA:100,0
DA:102,0
DA:106,0
DA:107,0
DA:108,0
DA:109,0
DA:112,0
DA:114,0
DA:116,0
DA:118,0
LF:41
LH:0
end_of_record
TN:
SF:src/lift/ERC20Lift.sol
FN:35,ERC20Lift.
FN:70,ERC20Lift.ensureERC20
FN:98,ERC20Lift._deployERC20
FNDA:0,ERC20Lift.
FNDA:4,ERC20Lift.ensureERC20
FNDA:3,ERC20Lift._deployERC20
FNF:3
FNH:2
DA:41,0
DA:43,0
DA:45,0
DA:47,0
DA:49,0
DA:51,0
DA:53,0
DA:55,0
DA:58,0
DA:60,0
DA:62,0
DA:63,0
DA:73,12
DA:75,0
DA:78,12
DA:80,0
DA:82,0
DA:86,8
DA:87,12
DA:88,6
DA:89,6
DA:91,6
DA:93,8
DA:99,6
DA:100,6
DA:101,9
DA:102,6
LF:27
LH:12
end_of_record
TN:
SF:src/lift/ERC20Permit.sol
FN:40,ERC20Permit.
FN:44,ERC20Permit._setupPermit
FN:50,ERC20Permit.permit
FN:78,ERC20Permit.nonces
FN:82,ERC20Permit.DOMAIN_SEPARATOR
FN:88,ERC20Permit._approve
FN:99,ERC20Permit._spendAllowance
FNDA:0,ERC20Permit.
FNDA:3,ERC20Permit._setupPermit
FNDA:0,ERC20Permit.permit
FNDA:0,ERC20Permit.nonces
FNDA:0,ERC20Permit.DOMAIN_SEPARATOR
FNDA:0,ERC20Permit._approve
FNDA:0,ERC20Permit._spendAllowance
FNF:7
FNH:1
DA:45,6
DA:59,0
DA:60,0
DA:63,0
DA:64,0
DA:66,0
DA:68,0
DA:69,0
DA:70,0
DA:73,0
DA:79,0
DA:83,0
DA:89,0
DA:90,0
DA:92,0
DA:93,0
DA:95,0
DA:96,0
DA:100,0
DA:101,0
DA:102,0
DA:103,0
DA:106,0
LF:23
LH:1
end_of_record
TN:
SF:src/lift/InflationaryCircles.sol
FN:101,InflationaryCircles.onERC1155Received
FN:116,InflationaryCircles.onERC1155BatchReceived
FN:126,InflationaryCircles.circlesIdentifier
FN:30,InflationaryCircles.onlyHub
FN:39,InflationaryCircles.
FN:46,InflationaryCircles.setup
FN:74,InflationaryCircles.unwrap
FN:86,InflationaryCircles.name
FN:91,InflationaryCircles.symbol
FN:95,InflationaryCircles.decimals
FNDA:0,InflationaryCircles.onERC1155Received
FNDA:0,InflationaryCircles.onERC1155BatchReceived
FNDA:0,InflationaryCircles.circlesIdentifier
FNDA:0,InflationaryCircles.onlyHub
FNDA:0,InflationaryCircles.
FNDA:0,InflationaryCircles.setup
FNDA:0,InflationaryCircles.unwrap
FNDA:0,InflationaryCircles.name
FNDA:0,InflationaryCircles.symbol
FNDA:0,InflationaryCircles.decimals
FNF:10
FNH:0
DA:31,0
DA:32,0
DA:41,0
DA:47,0
DA:49,0
DA:51,0
DA:53,0
DA:55,0
DA:57,0
DA:59,0
DA:61,0
DA:63,0
DA:64,0
DA:65,0
DA:67,0
DA:69,0
DA:75,0
DA:78,0
DA:79,0
DA:81,0
DA:83,0
DA:88,0
DA:92,0
DA:96,0
DA:107,0
DA:109,0
DA:111,0
DA:113,0
DA:123,0
DA:127,0
LF:30
LH:0
end_of_record
TN:
SF:src/migration/Migration.sol
FN:32,Migration.
FN:64,Migration.migrate
FN:95,Migration.convertFromV1ToDemurrage
FNDA:0,Migration.
FNDA:0,Migration.migrate
FNDA:1,Migration.convertFromV1ToDemurrage
FNF:3
FNH:1
DA:33,0
DA:35,0
DA:37,0
DA:39,0
DA:42,0
DA:43,0
DA:47,0
DA:53,0
DA:65,0
DA:67,0
DA:70,0
DA:72,0
DA:73,0
DA:74,0
DA:76,0
DA:78,0
DA:80,0
DA:84,0
DA:86,0
DA:97,3
DA:98,3
DA:101,4
DA:104,3
DA:115,3
DA:116,3
DA:122,2
DA:123,4
DA:130,3
LF:28
LH:9
end_of_record
TN:
SF:src/names/Base58Converter.sol
FN:15,Base58Converter._toBase58
FN:31,Base58Converter._toBase58WithPadding
FN:46,Base58Converter._reverse
FNDA:7,Base58Converter._toBase58
FNDA:5,Base58Converter._toBase58WithPadding
FNDA:12,Base58Converter._reverse
FNF:3
FNH:3
DA:18,21
DA:19,14
DA:22,254
DA:23,225
DA:24,150
DA:25,150
DA:28,21
DA:32,15
DA:33,10
DA:34,126
DA:35,105
DA:36,70
DA:37,70
DA:39,60
DA:41,50
DA:43,15
DA:47,36
DA:48,306
DA:49,270
DA:51,24
LF:20
LH:20
end_of_record
TN:
SF:src/names/NameRegistry.sol
FN:100,NameRegistry.registerShortName
FN:108,NameRegistry.registerShortNameWithNonce
FN:112,NameRegistry.setMetadataDigest
FN:116,NameRegistry.updateMetadataDigest
FN:120,NameRegistry.registerCustomName
FN:131,NameRegistry.registerCustomSymbol
FN:142,NameRegistry.name
FN:156,NameRegistry.symbol
FN:173,NameRegistry.getMetadataDigest
FN:185,NameRegistry.searchShortName
FN:209,NameRegistry.calculateShortNameWithNonce
FN:227,NameRegistry.isValidName
FN:256,NameRegistry.isValidSymbol
FN:279,NameRegistry._registerShortName
FN:285,NameRegistry._registerShortNameWithNonce
FN:299,NameRegistry._storeShortName
FN:308,NameRegistry._getShortOrLongName
FN:318,NameRegistry._setMetadataDigest
FN:71,NameRegistry.mustBeRegistered
FN:78,NameRegistry.onlyHub
FN:87,NameRegistry.
FNDA:3,NameRegistry.registerShortName
FNDA:0,NameRegistry.registerShortNameWithNonce
FNDA:12,NameRegistry.setMetadataDigest
FNDA:0,NameRegistry.updateMetadataDigest
FNDA:12,NameRegistry.registerCustomName
FNDA:12,NameRegistry.registerCustomSymbol
FNDA:0,NameRegistry.name
FNDA:0,NameRegistry.symbol
FNDA:1,NameRegistry.getMetadataDigest
FNDA:0,NameRegistry.searchShortName
FNDA:0,NameRegistry.calculateShortNameWithNonce
FNDA:12,NameRegistry.isValidName
FNDA:12,NameRegistry.isValidSymbol
FNDA:4,NameRegistry._registerShortName
FNDA:2,NameRegistry._registerShortNameWithNonce
FNDA:6,NameRegistry._storeShortName
FNDA:4,NameRegistry._getShortOrLongName
FNDA:13,NameRegistry._setMetadataDigest
FNDA:0,NameRegistry.mustBeRegistered
FNDA:12,NameRegistry.onlyHub
FNDA:7,NameRegistry.
FNF:21
FNH:14
DA:72,0
DA:73,0
DA:79,36
DA:80,0
DA:88,28
DA:90,0
DA:92,14
DA:101,6
DA:109,0
DA:113,24
DA:117,0
DA:121,24
DA:123,24
DA:125,24
DA:126,0
DA:128,24
DA:132,24
DA:134,24
DA:136,24
DA:137,0
DA:139,24
DA:143,0
DA:145,0
DA:146,0
DA:148,0
DA:153,0
DA:157,0
DA:158,0
DA:160,0
DA:162,0
DA:163,0
DA:165,0
DA:170,0
DA:174,2
DA:186,12
DA:187,0
DA:191,8
DA:193,12
DA:195,8
DA:198,0
DA:201,0
DA:211,15
DA:213,10
DA:228,78
DA:229,104
DA:231,370
DA:232,294
DA:234,1617
DA:235,266
DA:236,212
DA:237,2
DA:238,2
DA:239,2
DA:240,2
DA:241,2
DA:242,2
DA:243,2
DA:245,2
DA:248,50
DA:257,72
DA:258,96
DA:259,0
DA:262,220
DA:263,148
DA:266,148
DA:271,0
DA:274,48
DA:280,12
DA:282,8
DA:286,6
DA:287,2
DA:290,3
DA:292,3
DA:293,0
DA:296,2
DA:301,12
DA:303,12
DA:305,12
DA:309,8
DA:310,12
DA:311,3
DA:312,3
DA:314,9
DA:315,9
DA:319,26
DA:321,26
LF:86
LH:60
end_of_record
TN:
SF:src/operators/BaseOperator.sol
FN:14,BaseOperator.
FNDA:0,BaseOperator.
FNF:1
FNH:0
DA:15,0
DA:17,0
DA:20,0
LF:3
LH:0
end_of_record
TN:
SF:src/operators/SignedPathOperator.sol
FN:17,SignedPathOperator.
FN:21,SignedPathOperator.operateSignedFlowMatrix
FNDA:0,SignedPathOperator.
FNDA:0,SignedPathOperator.operateSignedFlowMatrix
FNF:2
FNH:0
DA:29,0
DA:31,0
DA:32,0
DA:36,0
DA:37,0
DA:38,0
DA:43,0
LF:7
LH:0
end_of_record
TN:
SF:src/proxy/Proxy.sol
FN:26,Proxy.
FN:47,Proxy._fallback
FNDA:156,Proxy.
FNDA:97,Proxy._fallback
FNF:2
FNH:2
DA:27,162
DA:29,48
DA:31,24
DA:36,194
DA:54,97
DA:62,97
LF:6
LH:6
end_of_record
TN:
SF:src/proxy/ProxyFactory.sol
FN:17,ProxyFactory._createProxy
FNDA:11,ProxyFactory._createProxy
FNF:1
FNH:1
DA:18,22
DA:19,22
DA:23,11
DA:26,22
LF:4
LH:4
end_of_record
TN:
SF:src/treasury/StandardTreasury.sol
FN:117,StandardTreasury.onERC1155BatchReceived
FN:138,StandardTreasury._mintBatchGroupCircles
FN:151,StandardTreasury._mintGroupCircles
FN:162,StandardTreasury._redeemGroupCircles
FN:220,StandardTreasury._decodeMetadataForGroup
FN:243,StandardTreasury._validateCirclesIdToGroup
FN:257,StandardTreasury._ensureVault
FN:271,StandardTreasury._deployVault
FN:55,StandardTreasury.onlyHub
FN:70,StandardTreasury.
FN:88,StandardTreasury.supportsInterface
FN:96,StandardTreasury.onERC1155Received
FNDA:1,StandardTreasury.onERC1155BatchReceived
FNDA:1,StandardTreasury._mintBatchGroupCircles
FNDA:66,StandardTreasury._mintGroupCircles
FNDA:0,StandardTreasury._redeemGroupCircles
FNDA:67,StandardTreasury._decodeMetadataForGroup
FNDA:0,StandardTreasury._validateCirclesIdToGroup
FNDA:67,StandardTreasury._ensureVault
FNDA:8,StandardTreasury._deployVault
FNDA:1,StandardTreasury.onlyHub
FNDA:0,StandardTreasury.
FNDA:0,StandardTreasury.supportsInterface
FNDA:66,StandardTreasury.onERC1155Received
FNF:12
FNH:8
DA:56,3
DA:58,0
DA:71,0
DA:73,0
DA:75,0
DA:77,0
DA:79,0
DA:80,0
DA:89,0
DA:102,198
DA:103,132
DA:104,198
DA:105,0
DA:106,0
DA:109,0
DA:124,3
DA:125,2
DA:126,3
DA:129,0
DA:145,3
DA:147,2
DA:148,2
DA:156,198
DA:158,132
DA:159,132
DA:166,0
DA:167,0
DA:168,0
DA:170,0
DA:174,0
DA:175,0
DA:177,0
DA:181,0
DA:182,0
DA:183,0
DA:184,0
DA:185,0
DA:189,0
DA:190,0
DA:191,0
DA:193,0
DA:194,0
DA:196,0
DA:198,0
DA:204,0
DA:207,0
DA:210,0
DA:213,0
DA:221,201
DA:223,134
DA:224,201
DA:225,134
DA:226,0
DA:227,0
DA:229,0
DA:231,0
DA:234,0
DA:244,0
DA:245,0
DA:247,0
DA:249,0
DA:258,134
DA:259,268
DA:260,16
DA:261,16
DA:263,134
DA:272,24
DA:273,24
DA:274,16
LF:69
LH:25
end_of_record
TN:
SF:src/treasury/StandardVault.sol
FN:28,StandardVault.onlyTreasury
FN:41,StandardVault.
FN:53,StandardVault.setup
FN:69,StandardVault.returnCollateral
FN:90,StandardVault.burnCollateral
FNDA:0,StandardVault.onlyTreasury
FNDA:0,StandardVault.
FNDA:8,StandardVault.setup
FNDA:0,StandardVault.returnCollateral
FNDA:0,StandardVault.burnCollateral
FNF:5
FNH:1
DA:29,0
DA:31,0
DA:43,0
DA:44,0
DA:54,32
DA:56,0
DA:58,16
DA:59,16
DA:75,0
DA:77,0
DA:81,0
DA:94,0
DA:96,0
DA:100,0
DA:101,0
LF:15
LH:3
end_of_record
